
08-30 23:04:27-us.codecraft.webmagic.Spider$1.run()
[ERROR]process request Request{url='http://www.icafe8.com/frontEnd/frontGameUpdList.do', method='null', extras=null, priority=0, headers={}, cookies={}} error
java.lang.UnsupportedOperationException
	at us.codecraft.webmagic.selector.AbstractSelectable.jsonPath(AbstractSelectable.java:53)
	at processor.process(processor.java:14)
	at us.codecraft.webmagic.Spider.onDownloadSuccess(Spider.java:414)
	at us.codecraft.webmagic.Spider.processRequest(Spider.java:406)
	at us.codecraft.webmagic.Spider.access$000(Spider.java:61)
	at us.codecraft.webmagic.Spider$1.run(Spider.java:320)
	at us.codecraft.webmagic.thread.CountableThreadPool$1.run(CountableThreadPool.java:74)
	at java.util.concurrent.ThreadPoolExecutor.runWorker(ThreadPoolExecutor.java:1149)
	at java.util.concurrent.ThreadPoolExecutor$Worker.run(ThreadPoolExecutor.java:624)
	at java.lang.Thread.run(Thread.java:748)

08-30 23:04:36-us.codecraft.webmagic.Spider$1.run()
[ERROR]process request Request{url='http://www.icafe8.com/frontEnd/frontGameUpdList.do', method='null', extras=null, priority=0, headers={}, cookies={}} error
java.lang.UnsupportedOperationException
	at us.codecraft.webmagic.selector.AbstractSelectable.jsonPath(AbstractSelectable.java:53)
	at processor.process(processor.java:14)
	at us.codecraft.webmagic.Spider.onDownloadSuccess(Spider.java:414)
	at us.codecraft.webmagic.Spider.processRequest(Spider.java:406)
	at us.codecraft.webmagic.Spider.access$000(Spider.java:61)
	at us.codecraft.webmagic.Spider$1.run(Spider.java:320)
	at us.codecraft.webmagic.thread.CountableThreadPool$1.run(CountableThreadPool.java:74)
	at java.util.concurrent.ThreadPoolExecutor.runWorker(ThreadPoolExecutor.java:1149)
	at java.util.concurrent.ThreadPoolExecutor$Worker.run(ThreadPoolExecutor.java:624)
	at java.lang.Thread.run(Thread.java:748)

08-30 23:04:44-us.codecraft.webmagic.Spider$1.run()
[ERROR]process request Request{url='http://www.icafe8.com/frontEnd/frontGameUpdList.do', method='null', extras=null, priority=0, headers={}, cookies={}} error
java.lang.UnsupportedOperationException
	at us.codecraft.webmagic.selector.AbstractSelectable.jsonPath(AbstractSelectable.java:53)
	at processor.process(processor.java:14)
	at us.codecraft.webmagic.Spider.onDownloadSuccess(Spider.java:414)
	at us.codecraft.webmagic.Spider.processRequest(Spider.java:406)
	at us.codecraft.webmagic.Spider.access$000(Spider.java:61)
	at us.codecraft.webmagic.Spider$1.run(Spider.java:320)
	at us.codecraft.webmagic.thread.CountableThreadPool$1.run(CountableThreadPool.java:74)
	at java.util.concurrent.ThreadPoolExecutor.runWorker(ThreadPoolExecutor.java:1149)
	at java.util.concurrent.ThreadPoolExecutor$Worker.run(ThreadPoolExecutor.java:624)
	at java.lang.Thread.run(Thread.java:748)

08-30 23:04:50-us.codecraft.webmagic.Spider$1.run()
[ERROR]process request Request{url='http://www.icafe8.com/frontEnd/frontGameUpdList.do', method='null', extras=null, priority=0, headers={}, cookies={}} error
java.lang.UnsupportedOperationException
	at us.codecraft.webmagic.selector.AbstractSelectable.jsonPath(AbstractSelectable.java:53)
	at processor.process(processor.java:14)
	at us.codecraft.webmagic.Spider.onDownloadSuccess(Spider.java:414)
	at us.codecraft.webmagic.Spider.processRequest(Spider.java:406)
	at us.codecraft.webmagic.Spider.access$000(Spider.java:61)
	at us.codecraft.webmagic.Spider$1.run(Spider.java:320)
	at us.codecraft.webmagic.thread.CountableThreadPool$1.run(CountableThreadPool.java:74)
	at java.util.concurrent.ThreadPoolExecutor.runWorker(ThreadPoolExecutor.java:1149)
	at java.util.concurrent.ThreadPoolExecutor$Worker.run(ThreadPoolExecutor.java:624)
	at java.lang.Thread.run(Thread.java:748)

08-30 23:04:56-us.codecraft.webmagic.Spider$1.run()
[ERROR]process request Request{url='http://www.icafe8.com/frontEnd/frontGameUpdList.do', method='null', extras=null, priority=0, headers={}, cookies={}} error
java.lang.UnsupportedOperationException
	at us.codecraft.webmagic.selector.AbstractSelectable.jsonPath(AbstractSelectable.java:53)
	at processor.process(processor.java:14)
	at us.codecraft.webmagic.Spider.onDownloadSuccess(Spider.java:414)
	at us.codecraft.webmagic.Spider.processRequest(Spider.java:406)
	at us.codecraft.webmagic.Spider.access$000(Spider.java:61)
	at us.codecraft.webmagic.Spider$1.run(Spider.java:320)
	at us.codecraft.webmagic.thread.CountableThreadPool$1.run(CountableThreadPool.java:74)
	at java.util.concurrent.ThreadPoolExecutor.runWorker(ThreadPoolExecutor.java:1149)
	at java.util.concurrent.ThreadPoolExecutor$Worker.run(ThreadPoolExecutor.java:624)
	at java.lang.Thread.run(Thread.java:748)

08-30 23:05:06-us.codecraft.webmagic.Spider$1.run()
[ERROR]process request Request{url='http://www.icafe8.com/frontEnd/frontGameUpdList.do', method='null', extras=null, priority=0, headers={}, cookies={}} error
java.lang.UnsupportedOperationException
	at us.codecraft.webmagic.selector.AbstractSelectable.jsonPath(AbstractSelectable.java:53)
	at processor.process(processor.java:14)
	at us.codecraft.webmagic.Spider.onDownloadSuccess(Spider.java:414)
	at us.codecraft.webmagic.Spider.processRequest(Spider.java:406)
	at us.codecraft.webmagic.Spider.access$000(Spider.java:61)
	at us.codecraft.webmagic.Spider$1.run(Spider.java:320)
	at us.codecraft.webmagic.thread.CountableThreadPool$1.run(CountableThreadPool.java:74)
	at java.util.concurrent.ThreadPoolExecutor.runWorker(ThreadPoolExecutor.java:1149)
	at java.util.concurrent.ThreadPoolExecutor$Worker.run(ThreadPoolExecutor.java:624)
	at java.lang.Thread.run(Thread.java:748)

08-30 23:05:46-us.codecraft.webmagic.Spider$1.run()
[ERROR]process request Request{url='http://www.icafe8.com/frontEnd/frontGameUpdList.do', method='null', extras=null, priority=0, headers={}, cookies={}} error
java.lang.UnsupportedOperationException
	at us.codecraft.webmagic.selector.AbstractSelectable.jsonPath(AbstractSelectable.java:53)
	at processor.process(processor.java:14)
	at us.codecraft.webmagic.Spider.onDownloadSuccess(Spider.java:414)
	at us.codecraft.webmagic.Spider.processRequest(Spider.java:406)
	at us.codecraft.webmagic.Spider.access$000(Spider.java:61)
	at us.codecraft.webmagic.Spider$1.run(Spider.java:320)
	at us.codecraft.webmagic.thread.CountableThreadPool$1.run(CountableThreadPool.java:74)
	at java.util.concurrent.ThreadPoolExecutor.runWorker(ThreadPoolExecutor.java:1149)
	at java.util.concurrent.ThreadPoolExecutor$Worker.run(ThreadPoolExecutor.java:624)
	at java.lang.Thread.run(Thread.java:748)

08-30 23:05:55-us.codecraft.webmagic.Spider$1.run()
[ERROR]process request Request{url='http://www.icafe8.com/frontEnd/frontGameUpdList.do', method='null', extras=null, priority=0, headers={}, cookies={}} error
java.lang.UnsupportedOperationException
	at us.codecraft.webmagic.selector.AbstractSelectable.jsonPath(AbstractSelectable.java:53)
	at processor.process(processor.java:14)
	at us.codecraft.webmagic.Spider.onDownloadSuccess(Spider.java:414)
	at us.codecraft.webmagic.Spider.processRequest(Spider.java:406)
	at us.codecraft.webmagic.Spider.access$000(Spider.java:61)
	at us.codecraft.webmagic.Spider$1.run(Spider.java:320)
	at us.codecraft.webmagic.thread.CountableThreadPool$1.run(CountableThreadPool.java:74)
	at java.util.concurrent.ThreadPoolExecutor.runWorker(ThreadPoolExecutor.java:1149)
	at java.util.concurrent.ThreadPoolExecutor$Worker.run(ThreadPoolExecutor.java:624)
	at java.lang.Thread.run(Thread.java:748)

08-30 23:06:02-us.codecraft.webmagic.Spider$1.run()
[ERROR]process request Request{url='http://www.icafe8.com/frontEnd/frontGameUpdList.do', method='null', extras=null, priority=0, headers={}, cookies={}} error
java.lang.UnsupportedOperationException
	at us.codecraft.webmagic.selector.AbstractSelectable.jsonPath(AbstractSelectable.java:53)
	at processor.process(processor.java:14)
	at us.codecraft.webmagic.Spider.onDownloadSuccess(Spider.java:414)
	at us.codecraft.webmagic.Spider.processRequest(Spider.java:406)
	at us.codecraft.webmagic.Spider.access$000(Spider.java:61)
	at us.codecraft.webmagic.Spider$1.run(Spider.java:320)
	at us.codecraft.webmagic.thread.CountableThreadPool$1.run(CountableThreadPool.java:74)
	at java.util.concurrent.ThreadPoolExecutor.runWorker(ThreadPoolExecutor.java:1149)
	at java.util.concurrent.ThreadPoolExecutor$Worker.run(ThreadPoolExecutor.java:624)
	at java.lang.Thread.run(Thread.java:748)

08-30 23:49:44-us.codecraft.webmagic.Spider$1.run()
[ERROR]process request Request{url='http://www.icafe8.com/frontEnd/frontGameUpdList.do', method='null', extras=null, priority=0, headers={}, cookies={}} error
com.jayway.jsonpath.PathNotFoundException: No results for path: $['company']
	at com.jayway.jsonpath.internal.path.EvaluationContextImpl.getValue(EvaluationContextImpl.java:133)
	at com.jayway.jsonpath.JsonPath.read(JsonPath.java:187)
	at com.jayway.jsonpath.JsonPath.read(JsonPath.java:345)
	at com.jayway.jsonpath.JsonPath.read(JsonPath.java:329)
	at us.codecraft.webmagic.selector.JsonPathSelector.select(JsonPathSelector.java:30)
	at processor.process(processor.java:21)
	at us.codecraft.webmagic.Spider.onDownloadSuccess(Spider.java:414)
	at us.codecraft.webmagic.Spider.processRequest(Spider.java:406)
	at us.codecraft.webmagic.Spider.access$000(Spider.java:61)
	at us.codecraft.webmagic.Spider$1.run(Spider.java:320)
	at us.codecraft.webmagic.thread.CountableThreadPool$1.run(CountableThreadPool.java:74)
	at java.util.concurrent.ThreadPoolExecutor.runWorker(ThreadPoolExecutor.java:1149)
	at java.util.concurrent.ThreadPoolExecutor$Worker.run(ThreadPoolExecutor.java:624)
	at java.lang.Thread.run(Thread.java:748)

08-30 23:49:54-us.codecraft.webmagic.Spider$1.run()
[ERROR]process request Request{url='http://www.icafe8.com/frontEnd/frontGameUpdList.do', method='null', extras=null, priority=0, headers={}, cookies={}} error
com.jayway.jsonpath.PathNotFoundException: No results for path: $['company']
	at com.jayway.jsonpath.internal.path.EvaluationContextImpl.getValue(EvaluationContextImpl.java:133)
	at com.jayway.jsonpath.JsonPath.read(JsonPath.java:187)
	at com.jayway.jsonpath.JsonPath.read(JsonPath.java:345)
	at com.jayway.jsonpath.JsonPath.read(JsonPath.java:329)
	at us.codecraft.webmagic.selector.JsonPathSelector.select(JsonPathSelector.java:30)
	at processor.process(processor.java:21)
	at us.codecraft.webmagic.Spider.onDownloadSuccess(Spider.java:414)
	at us.codecraft.webmagic.Spider.processRequest(Spider.java:406)
	at us.codecraft.webmagic.Spider.access$000(Spider.java:61)
	at us.codecraft.webmagic.Spider$1.run(Spider.java:320)
	at us.codecraft.webmagic.thread.CountableThreadPool$1.run(CountableThreadPool.java:74)
	at java.util.concurrent.ThreadPoolExecutor.runWorker(ThreadPoolExecutor.java:1149)
	at java.util.concurrent.ThreadPoolExecutor$Worker.run(ThreadPoolExecutor.java:624)
	at java.lang.Thread.run(Thread.java:748)

08-30 23:50:05-us.codecraft.webmagic.Spider$1.run()
[ERROR]process request Request{url='http://www.icafe8.com/frontEnd/frontGameUpdList.do', method='null', extras=null, priority=0, headers={}, cookies={}} error
com.jayway.jsonpath.InvalidPathException: Character '.' on position 3 is not valid.
	at com.jayway.jsonpath.internal.path.PathCompiler.readDotToken(PathCompiler.java:169)
	at com.jayway.jsonpath.internal.path.PathCompiler.readNextToken(PathCompiler.java:145)
	at com.jayway.jsonpath.internal.path.PathCompiler.readContextToken(PathCompiler.java:124)
	at com.jayway.jsonpath.internal.path.PathCompiler.compile(PathCompiler.java:58)
	at com.jayway.jsonpath.internal.path.PathCompiler.compile(PathCompiler.java:75)
	at com.jayway.jsonpath.JsonPath.<init>(JsonPath.java:101)
	at com.jayway.jsonpath.JsonPath.compile(JsonPath.java:467)
	at us.codecraft.webmagic.selector.JsonPathSelector.<init>(JsonPathSelector.java:25)
	at processor.process(processor.java:21)
	at us.codecraft.webmagic.Spider.onDownloadSuccess(Spider.java:414)
	at us.codecraft.webmagic.Spider.processRequest(Spider.java:406)
	at us.codecraft.webmagic.Spider.access$000(Spider.java:61)
	at us.codecraft.webmagic.Spider$1.run(Spider.java:320)
	at us.codecraft.webmagic.thread.CountableThreadPool$1.run(CountableThreadPool.java:74)
	at java.util.concurrent.ThreadPoolExecutor.runWorker(ThreadPoolExecutor.java:1149)
	at java.util.concurrent.ThreadPoolExecutor$Worker.run(ThreadPoolExecutor.java:624)
	at java.lang.Thread.run(Thread.java:748)

09-01 16:38:27-us.codecraft.webmagic.Spider$1.run()
[ERROR]process request Request{url='http://www.icafe8.com/frontEnd/frontGameUpdList.do', method='null', extras=null, priority=0, headers={}, cookies={}} error
java.lang.IllegalArgumentException: regex must not be empty
	at us.codecraft.webmagic.selector.RegexSelector.compileRegex(RegexSelector.java:32)
	at us.codecraft.webmagic.selector.RegexSelector.<init>(RegexSelector.java:47)
	at us.codecraft.webmagic.selector.Selectors.regex(Selectors.java:12)
	at us.codecraft.webmagic.selector.AbstractSelectable.regex(AbstractSelectable.java:77)
	at processor.process(processor.java:50)
	at us.codecraft.webmagic.Spider.onDownloadSuccess(Spider.java:414)
	at us.codecraft.webmagic.Spider.processRequest(Spider.java:406)
	at us.codecraft.webmagic.Spider.access$000(Spider.java:61)
	at us.codecraft.webmagic.Spider$1.run(Spider.java:320)
	at us.codecraft.webmagic.thread.CountableThreadPool$1.run(CountableThreadPool.java:74)
	at java.util.concurrent.ThreadPoolExecutor.runWorker(ThreadPoolExecutor.java:1149)
	at java.util.concurrent.ThreadPoolExecutor$Worker.run(ThreadPoolExecutor.java:624)
	at java.lang.Thread.run(Thread.java:748)

09-10 19:09:07-us.codecraft.webmagic.Spider$1.run()
[ERROR]process request Request{url='http://www.yungengxin.net.cn/game/update', method='null', extras=null, priority=0, headers={}, cookies={}} error
org.jsoup.select.Selector$SelectorParseException: Could not parse query '$/table/tbody/tr': unexpected token at '$/table/tbody/tr'
	at us.codecraft.xsoup.xevaluator.XPathParser.findElements(XPathParser.java:166)
	at us.codecraft.xsoup.xevaluator.XPathParser.parse(XPathParser.java:76)
	at us.codecraft.xsoup.xevaluator.XPathParser.parse(XPathParser.java:408)
	at us.codecraft.xsoup.Xsoup.compile(Xsoup.java:25)
	at us.codecraft.webmagic.selector.XpathSelector.<init>(XpathSelector.java:21)
	at us.codecraft.webmagic.selector.Selectors.xpath(Selectors.java:32)
	at us.codecraft.webmagic.selector.HtmlNode.xpath(HtmlNode.java:42)
	at processor.process(processor.java:52)
	at us.codecraft.webmagic.Spider.onDownloadSuccess(Spider.java:414)
	at us.codecraft.webmagic.Spider.processRequest(Spider.java:406)
	at us.codecraft.webmagic.Spider.access$000(Spider.java:61)
	at us.codecraft.webmagic.Spider$1.run(Spider.java:320)
	at us.codecraft.webmagic.thread.CountableThreadPool$1.run(CountableThreadPool.java:74)
	at java.util.concurrent.ThreadPoolExecutor.runWorker(ThreadPoolExecutor.java:1149)
	at java.util.concurrent.ThreadPoolExecutor$Worker.run(ThreadPoolExecutor.java:624)
	at java.lang.Thread.run(Thread.java:748)

09-10 19:17:09-us.codecraft.webmagic.Spider$1.run()
[ERROR]process request Request{url='http://www.yungengxin.net.cn/game/update', method='null', extras=null, priority=0, headers={}, cookies={}} error
java.lang.NullPointerException
	at processor.process(processor.java:55)
	at us.codecraft.webmagic.Spider.onDownloadSuccess(Spider.java:414)
	at us.codecraft.webmagic.Spider.processRequest(Spider.java:406)
	at us.codecraft.webmagic.Spider.access$000(Spider.java:61)
	at us.codecraft.webmagic.Spider$1.run(Spider.java:320)
	at us.codecraft.webmagic.thread.CountableThreadPool$1.run(CountableThreadPool.java:74)
	at java.util.concurrent.ThreadPoolExecutor.runWorker(ThreadPoolExecutor.java:1149)
	at java.util.concurrent.ThreadPoolExecutor$Worker.run(ThreadPoolExecutor.java:624)
	at java.lang.Thread.run(Thread.java:748)
