
09-21 16:35:31-us.codecraft.webmagic.Spider.run()
[INFO]Spider www.icafe8.com started!

09-21 16:35:31-us.codecraft.webmagic.downloader.HttpClientDownloader.download()
[INFO]downloading page success http://www.icafe8.com/frontEnd/frontGameUpdList.do

09-21 16:35:32-com.alibaba.druid.pool.DruidDataSource.init()
[INFO]{dataSource-1} inited

09-21 16:35:33-us.codecraft.webmagic.downloader.HttpClientDownloader.download()
[INFO]downloading page success http://www.yungengxin.net.cn/game/update

09-21 16:35:33-us.codecraft.webmagic.Spider$1.run()
[ERROR]process request Request{url='http://www.yungengxin.net.cn/game/update', method='null', extras=null, priority=0, headers={}, cookies={}} error
java.lang.IllegalArgumentException: Must be true
	at org.jsoup.helper.Validate.isTrue(Validate.java:35)
	at us.codecraft.xsoup.XTokenQueue.trimQuotes(XTokenQueue.java:506)
	at us.codecraft.xsoup.xevaluator.XPathParser.byAttribute(XPathParser.java:363)
	at us.codecraft.xsoup.xevaluator.XPathParser.consumePredicates(XPathParser.java:229)
	at us.codecraft.xsoup.xevaluator.XPathParser.findElements(XPathParser.java:163)
	at us.codecraft.xsoup.xevaluator.XPathParser.parse(XPathParser.java:76)
	at us.codecraft.xsoup.xevaluator.XPathParser.parse(XPathParser.java:408)
	at us.codecraft.xsoup.xevaluator.XPathParser.combinator(XPathParser.java:110)
	at us.codecraft.xsoup.xevaluator.XPathParser.parse(XPathParser.java:74)
	at us.codecraft.xsoup.xevaluator.XPathParser.parse(XPathParser.java:408)
	at us.codecraft.xsoup.Xsoup.compile(Xsoup.java:25)
	at us.codecraft.webmagic.selector.XpathSelector.<init>(XpathSelector.java:21)
	at processor.process(processor.java:57)
	at us.codecraft.webmagic.Spider.onDownloadSuccess(Spider.java:414)
	at us.codecraft.webmagic.Spider.processRequest(Spider.java:406)
	at us.codecraft.webmagic.Spider.access$000(Spider.java:61)
	at us.codecraft.webmagic.Spider$1.run(Spider.java:320)
	at us.codecraft.webmagic.thread.CountableThreadPool$1.run(CountableThreadPool.java:74)
	at java.util.concurrent.ThreadPoolExecutor.runWorker(ThreadPoolExecutor.java:1149)
	at java.util.concurrent.ThreadPoolExecutor$Worker.run(ThreadPoolExecutor.java:624)
	at java.lang.Thread.run(Thread.java:748)

09-21 16:35:33-us.codecraft.webmagic.downloader.HttpClientDownloader.download()
[INFO]downloading page success http://www.icafe8.com/frontEnd/frontGameUpdList.do?pageNum=2&gameName=

09-21 16:35:34-us.codecraft.webmagic.downloader.HttpClientDownloader.download()
[INFO]downloading page success http://www.icafe8.com/frontEnd/frontGameUpdList.do?pageNum=3&gameName=

09-21 16:35:34-us.codecraft.webmagic.downloader.HttpClientDownloader.download()
[INFO]downloading page success http://www.icafe8.com/frontEnd/frontGameUpdList.do?pageNum=4&gameName=

09-21 16:35:35-us.codecraft.webmagic.downloader.HttpClientDownloader.download()
[INFO]downloading page success http://www.icafe8.com/frontEnd/frontGameUpdList.do?pageNum=5&gameName=

09-21 16:35:35-us.codecraft.webmagic.Spider.run()
[INFO]Spider www.icafe8.com closed! 6 pages downloaded.

09-21 16:37:51-us.codecraft.webmagic.Spider.run()
[INFO]Spider www.yungengxin.net.cn started!

09-21 16:37:52-us.codecraft.webmagic.downloader.HttpClientDownloader.download()
[INFO]downloading page success http://www.yungengxin.net.cn/game/update

09-21 16:37:52-us.codecraft.webmagic.Spider$1.run()
[ERROR]process request Request{url='http://www.yungengxin.net.cn/game/update', method='null', extras=null, priority=0, headers={}, cookies={}} error
java.lang.IllegalArgumentException: Must be true
	at org.jsoup.helper.Validate.isTrue(Validate.java:35)
	at us.codecraft.xsoup.XTokenQueue.trimQuotes(XTokenQueue.java:506)
	at us.codecraft.xsoup.xevaluator.XPathParser.byAttribute(XPathParser.java:363)
	at us.codecraft.xsoup.xevaluator.XPathParser.consumePredicates(XPathParser.java:229)
	at us.codecraft.xsoup.xevaluator.XPathParser.findElements(XPathParser.java:163)
	at us.codecraft.xsoup.xevaluator.XPathParser.parse(XPathParser.java:76)
	at us.codecraft.xsoup.xevaluator.XPathParser.parse(XPathParser.java:408)
	at us.codecraft.xsoup.xevaluator.XPathParser.combinator(XPathParser.java:110)
	at us.codecraft.xsoup.xevaluator.XPathParser.parse(XPathParser.java:74)
	at us.codecraft.xsoup.xevaluator.XPathParser.parse(XPathParser.java:408)
	at us.codecraft.xsoup.Xsoup.compile(Xsoup.java:25)
	at us.codecraft.webmagic.selector.XpathSelector.<init>(XpathSelector.java:21)
	at processor.process(processor.java:57)
	at us.codecraft.webmagic.Spider.onDownloadSuccess(Spider.java:414)
	at us.codecraft.webmagic.Spider.processRequest(Spider.java:406)
	at us.codecraft.webmagic.Spider.access$000(Spider.java:61)
	at us.codecraft.webmagic.Spider$1.run(Spider.java:320)
	at us.codecraft.webmagic.thread.CountableThreadPool$1.run(CountableThreadPool.java:74)
	at java.util.concurrent.ThreadPoolExecutor.runWorker(ThreadPoolExecutor.java:1149)
	at java.util.concurrent.ThreadPoolExecutor$Worker.run(ThreadPoolExecutor.java:624)
	at java.lang.Thread.run(Thread.java:748)

09-21 16:37:52-us.codecraft.webmagic.Spider.run()
[INFO]Spider www.yungengxin.net.cn closed! 1 pages downloaded.

09-21 16:38:50-us.codecraft.webmagic.Spider.run()
[INFO]Spider www.yungengxin.net.cn started!

09-21 16:38:50-us.codecraft.webmagic.downloader.HttpClientDownloader.download()
[INFO]downloading page success http://www.yungengxin.net.cn/game/update

09-21 16:38:50-us.codecraft.webmagic.Spider.run()
[INFO]Spider www.yungengxin.net.cn closed! 1 pages downloaded.

09-21 16:39:05-us.codecraft.webmagic.Spider.run()
[INFO]Spider www.yungengxin.net.cn started!

09-21 16:39:06-us.codecraft.webmagic.downloader.HttpClientDownloader.download()
[INFO]downloading page success http://www.yungengxin.net.cn/game/update

09-21 16:39:06-us.codecraft.webmagic.Spider.run()
[INFO]Spider www.yungengxin.net.cn closed! 1 pages downloaded.

09-21 16:39:17-us.codecraft.webmagic.Spider.run()
[INFO]Spider www.yungengxin.net.cn started!

09-21 16:39:17-us.codecraft.webmagic.downloader.HttpClientDownloader.download()
[INFO]downloading page success http://www.yungengxin.net.cn/game/update

09-21 16:39:18-us.codecraft.webmagic.Spider.run()
[INFO]Spider www.yungengxin.net.cn closed! 1 pages downloaded.

09-21 16:39:37-us.codecraft.webmagic.Spider.run()
[INFO]Spider www.yungengxin.net.cn started!

09-21 16:39:38-us.codecraft.webmagic.downloader.HttpClientDownloader.download()
[INFO]downloading page success http://www.yungengxin.net.cn/game/update

09-21 16:39:38-us.codecraft.webmagic.Spider.run()
[INFO]Spider www.yungengxin.net.cn closed! 1 pages downloaded.

09-21 16:39:46-us.codecraft.webmagic.Spider.run()
[INFO]Spider www.yungengxin.net.cn started!

09-21 16:39:47-us.codecraft.webmagic.downloader.HttpClientDownloader.download()
[INFO]downloading page success http://www.yungengxin.net.cn/game/update

09-21 16:39:47-us.codecraft.webmagic.Spider.run()
[INFO]Spider www.yungengxin.net.cn closed! 1 pages downloaded.

09-21 16:40:03-us.codecraft.webmagic.Spider.run()
[INFO]Spider www.yungengxin.net.cn started!

09-21 16:40:04-us.codecraft.webmagic.downloader.HttpClientDownloader.download()
[INFO]downloading page success http://www.yungengxin.net.cn/game/update

09-21 16:40:04-us.codecraft.webmagic.Spider.run()
[INFO]Spider www.yungengxin.net.cn closed! 1 pages downloaded.

09-21 16:40:21-us.codecraft.webmagic.Spider.run()
[INFO]Spider www.yungengxin.net.cn started!

09-21 16:40:23-us.codecraft.webmagic.downloader.HttpClientDownloader.download()
[INFO]downloading page success http://www.yungengxin.net.cn/game/update

09-21 16:40:23-us.codecraft.webmagic.Spider.run()
[INFO]Spider www.yungengxin.net.cn closed! 1 pages downloaded.

09-21 16:40:31-us.codecraft.webmagic.Spider.run()
[INFO]Spider www.yungengxin.net.cn started!

09-21 16:40:31-us.codecraft.webmagic.downloader.HttpClientDownloader.download()
[INFO]downloading page success http://www.yungengxin.net.cn/game/update

09-21 16:40:31-us.codecraft.webmagic.Spider.run()
[INFO]Spider www.yungengxin.net.cn closed! 1 pages downloaded.

09-21 16:40:41-us.codecraft.webmagic.Spider.run()
[INFO]Spider www.yungengxin.net.cn started!

09-21 16:40:42-us.codecraft.webmagic.downloader.HttpClientDownloader.download()
[INFO]downloading page success http://www.yungengxin.net.cn/game/update

09-21 16:40:42-us.codecraft.webmagic.Spider.run()
[INFO]Spider www.yungengxin.net.cn closed! 1 pages downloaded.

09-21 16:40:49-us.codecraft.webmagic.Spider.run()
[INFO]Spider www.yungengxin.net.cn started!

09-21 16:40:49-us.codecraft.webmagic.downloader.HttpClientDownloader.download()
[INFO]downloading page success http://www.yungengxin.net.cn/game/update

09-21 16:40:50-us.codecraft.webmagic.Spider.run()
[INFO]Spider www.yungengxin.net.cn closed! 1 pages downloaded.

09-21 16:41:32-us.codecraft.webmagic.Spider.run()
[INFO]Spider www.yungengxin.net.cn started!

09-21 16:41:33-us.codecraft.webmagic.downloader.HttpClientDownloader.download()
[INFO]downloading page success http://www.yungengxin.net.cn/game/update

09-21 16:41:33-us.codecraft.webmagic.Spider$1.run()
[ERROR]process request Request{url='http://www.yungengxin.net.cn/game/update', method='null', extras=null, priority=0, headers={}, cookies={}} error
java.lang.IllegalArgumentException: String must not be empty
	at org.jsoup.helper.Validate.notEmpty(Validate.java:92)
	at org.jsoup.select.Selector.<init>(Selector.java:83)
	at org.jsoup.select.Selector.select(Selector.java:108)
	at org.jsoup.nodes.Element.select(Element.java:322)
	at us.codecraft.webmagic.selector.CssSelector.selectElements(CssSelector.java:93)
	at us.codecraft.webmagic.selector.CssSelector.select(CssSelector.java:60)
	at us.codecraft.webmagic.selector.BaseElementSelector.select(BaseElementSelector.java:18)
	at processor.process(processor.java:56)
	at us.codecraft.webmagic.Spider.onDownloadSuccess(Spider.java:414)
	at us.codecraft.webmagic.Spider.processRequest(Spider.java:406)
	at us.codecraft.webmagic.Spider.access$000(Spider.java:61)
	at us.codecraft.webmagic.Spider$1.run(Spider.java:320)
	at us.codecraft.webmagic.thread.CountableThreadPool$1.run(CountableThreadPool.java:74)
	at java.util.concurrent.ThreadPoolExecutor.runWorker(ThreadPoolExecutor.java:1149)
	at java.util.concurrent.ThreadPoolExecutor$Worker.run(ThreadPoolExecutor.java:624)
	at java.lang.Thread.run(Thread.java:748)

09-21 16:41:33-us.codecraft.webmagic.Spider.run()
[INFO]Spider www.yungengxin.net.cn closed! 1 pages downloaded.

09-21 16:41:44-us.codecraft.webmagic.Spider.run()
[INFO]Spider www.yungengxin.net.cn started!

09-21 16:41:45-us.codecraft.webmagic.downloader.HttpClientDownloader.download()
[INFO]downloading page success http://www.yungengxin.net.cn/game/update

09-21 16:41:45-us.codecraft.webmagic.Spider$1.run()
[ERROR]process request Request{url='http://www.yungengxin.net.cn/game/update', method='null', extras=null, priority=0, headers={}, cookies={}} error
org.jsoup.select.Selector$SelectorParseException: Could not parse query '//': unexpected token at '//'
	at org.jsoup.select.QueryParser.findElements(QueryParser.java:204)
	at org.jsoup.select.QueryParser.parse(QueryParser.java:59)
	at org.jsoup.select.QueryParser.parse(QueryParser.java:42)
	at org.jsoup.select.Selector.<init>(Selector.java:86)
	at org.jsoup.select.Selector.select(Selector.java:108)
	at org.jsoup.nodes.Element.select(Element.java:322)
	at us.codecraft.webmagic.selector.CssSelector.selectElements(CssSelector.java:93)
	at us.codecraft.webmagic.selector.CssSelector.select(CssSelector.java:60)
	at us.codecraft.webmagic.selector.BaseElementSelector.select(BaseElementSelector.java:18)
	at processor.process(processor.java:56)
	at us.codecraft.webmagic.Spider.onDownloadSuccess(Spider.java:414)
	at us.codecraft.webmagic.Spider.processRequest(Spider.java:406)
	at us.codecraft.webmagic.Spider.access$000(Spider.java:61)
	at us.codecraft.webmagic.Spider$1.run(Spider.java:320)
	at us.codecraft.webmagic.thread.CountableThreadPool$1.run(CountableThreadPool.java:74)
	at java.util.concurrent.ThreadPoolExecutor.runWorker(ThreadPoolExecutor.java:1149)
	at java.util.concurrent.ThreadPoolExecutor$Worker.run(ThreadPoolExecutor.java:624)
	at java.lang.Thread.run(Thread.java:748)

09-21 16:41:45-us.codecraft.webmagic.Spider.run()
[INFO]Spider www.yungengxin.net.cn closed! 1 pages downloaded.

09-21 16:41:50-us.codecraft.webmagic.Spider.run()
[INFO]Spider www.yungengxin.net.cn started!

09-21 16:41:51-us.codecraft.webmagic.downloader.HttpClientDownloader.download()
[INFO]downloading page success http://www.yungengxin.net.cn/game/update

09-21 16:41:51-us.codecraft.webmagic.Spider$1.run()
[ERROR]process request Request{url='http://www.yungengxin.net.cn/game/update', method='null', extras=null, priority=0, headers={}, cookies={}} error
org.jsoup.select.Selector$SelectorParseException: String must not be empty
	at org.jsoup.select.QueryParser.parse(QueryParser.java:44)
	at org.jsoup.select.Selector.<init>(Selector.java:86)
	at org.jsoup.select.Selector.select(Selector.java:108)
	at org.jsoup.nodes.Element.select(Element.java:322)
	at us.codecraft.webmagic.selector.CssSelector.selectElements(CssSelector.java:93)
	at us.codecraft.webmagic.selector.CssSelector.select(CssSelector.java:60)
	at us.codecraft.webmagic.selector.BaseElementSelector.select(BaseElementSelector.java:18)
	at processor.process(processor.java:56)
	at us.codecraft.webmagic.Spider.onDownloadSuccess(Spider.java:414)
	at us.codecraft.webmagic.Spider.processRequest(Spider.java:406)
	at us.codecraft.webmagic.Spider.access$000(Spider.java:61)
	at us.codecraft.webmagic.Spider$1.run(Spider.java:320)
	at us.codecraft.webmagic.thread.CountableThreadPool$1.run(CountableThreadPool.java:74)
	at java.util.concurrent.ThreadPoolExecutor.runWorker(ThreadPoolExecutor.java:1149)
	at java.util.concurrent.ThreadPoolExecutor$Worker.run(ThreadPoolExecutor.java:624)
	at java.lang.Thread.run(Thread.java:748)

09-21 16:41:51-us.codecraft.webmagic.Spider.run()
[INFO]Spider www.yungengxin.net.cn closed! 1 pages downloaded.

09-21 16:41:56-us.codecraft.webmagic.Spider.run()
[INFO]Spider www.yungengxin.net.cn started!

09-21 16:41:57-us.codecraft.webmagic.downloader.HttpClientDownloader.download()
[INFO]downloading page success http://www.yungengxin.net.cn/game/update

09-21 16:41:57-us.codecraft.webmagic.Spider.run()
[INFO]Spider www.yungengxin.net.cn closed! 1 pages downloaded.

09-21 16:44:33-us.codecraft.webmagic.Spider.run()
[INFO]Spider www.yungengxin.net.cn started!

09-21 16:44:34-us.codecraft.webmagic.downloader.HttpClientDownloader.download()
[INFO]downloading page success http://www.yungengxin.net.cn/game/update

09-21 16:44:34-us.codecraft.webmagic.Spider.run()
[INFO]Spider www.yungengxin.net.cn closed! 1 pages downloaded.

09-21 16:45:01-us.codecraft.webmagic.Spider.run()
[INFO]Spider www.yungengxin.net.cn started!

09-21 16:45:01-us.codecraft.webmagic.downloader.HttpClientDownloader.download()
[INFO]downloading page success http://www.yungengxin.net.cn/game/update

09-21 16:45:02-us.codecraft.webmagic.Spider.run()
[INFO]Spider www.yungengxin.net.cn closed! 1 pages downloaded.

09-21 16:48:42-us.codecraft.webmagic.Spider.run()
[INFO]Spider www.yungengxin.net.cn started!

09-21 16:48:43-us.codecraft.webmagic.downloader.HttpClientDownloader.download()
[INFO]downloading page success http://www.yungengxin.net.cn/game/update

09-21 16:48:43-us.codecraft.webmagic.Spider.run()
[INFO]Spider www.yungengxin.net.cn closed! 1 pages downloaded.

09-21 16:48:54-us.codecraft.webmagic.Spider.run()
[INFO]Spider www.yungengxin.net.cn started!

09-21 16:48:54-us.codecraft.webmagic.downloader.HttpClientDownloader.download()
[INFO]downloading page success http://www.yungengxin.net.cn/game/update

09-21 16:48:54-us.codecraft.webmagic.Spider.run()
[INFO]Spider www.yungengxin.net.cn closed! 1 pages downloaded.

09-21 16:49:02-us.codecraft.webmagic.Spider.run()
[INFO]Spider www.yungengxin.net.cn started!

09-21 16:49:02-us.codecraft.webmagic.downloader.HttpClientDownloader.download()
[INFO]downloading page success http://www.yungengxin.net.cn/game/update

09-21 16:49:02-us.codecraft.webmagic.Spider$1.run()
[ERROR]process request Request{url='http://www.yungengxin.net.cn/game/update', method='null', extras=null, priority=0, headers={}, cookies={}} error
org.jsoup.select.Selector$SelectorParseException: String must not be empty
	at org.jsoup.select.QueryParser.parse(QueryParser.java:44)
	at org.jsoup.select.Selector.<init>(Selector.java:86)
	at org.jsoup.select.Selector.select(Selector.java:108)
	at org.jsoup.nodes.Element.select(Element.java:322)
	at processor.process(processor.java:60)
	at us.codecraft.webmagic.Spider.onDownloadSuccess(Spider.java:414)
	at us.codecraft.webmagic.Spider.processRequest(Spider.java:406)
	at us.codecraft.webmagic.Spider.access$000(Spider.java:61)
	at us.codecraft.webmagic.Spider$1.run(Spider.java:320)
	at us.codecraft.webmagic.thread.CountableThreadPool$1.run(CountableThreadPool.java:74)
	at java.util.concurrent.ThreadPoolExecutor.runWorker(ThreadPoolExecutor.java:1149)
	at java.util.concurrent.ThreadPoolExecutor$Worker.run(ThreadPoolExecutor.java:624)
	at java.lang.Thread.run(Thread.java:748)

09-21 16:49:02-us.codecraft.webmagic.Spider.run()
[INFO]Spider www.yungengxin.net.cn closed! 1 pages downloaded.

09-21 16:49:13-us.codecraft.webmagic.Spider.run()
[INFO]Spider www.yungengxin.net.cn started!

09-21 16:49:13-us.codecraft.webmagic.downloader.HttpClientDownloader.download()
[INFO]downloading page success http://www.yungengxin.net.cn/game/update

09-21 16:49:13-us.codecraft.webmagic.Spider$1.run()
[ERROR]process request Request{url='http://www.yungengxin.net.cn/game/update', method='null', extras=null, priority=0, headers={}, cookies={}} error
org.jsoup.select.Selector$SelectorParseException: Could not parse query 'tr.td(1)': unexpected token at '(1)'
	at org.jsoup.select.QueryParser.findElements(QueryParser.java:204)
	at org.jsoup.select.QueryParser.parse(QueryParser.java:71)
	at org.jsoup.select.QueryParser.parse(QueryParser.java:42)
	at org.jsoup.select.Selector.<init>(Selector.java:86)
	at org.jsoup.select.Selector.select(Selector.java:108)
	at org.jsoup.nodes.Element.select(Element.java:322)
	at processor.process(processor.java:60)
	at us.codecraft.webmagic.Spider.onDownloadSuccess(Spider.java:414)
	at us.codecraft.webmagic.Spider.processRequest(Spider.java:406)
	at us.codecraft.webmagic.Spider.access$000(Spider.java:61)
	at us.codecraft.webmagic.Spider$1.run(Spider.java:320)
	at us.codecraft.webmagic.thread.CountableThreadPool$1.run(CountableThreadPool.java:74)
	at java.util.concurrent.ThreadPoolExecutor.runWorker(ThreadPoolExecutor.java:1149)
	at java.util.concurrent.ThreadPoolExecutor$Worker.run(ThreadPoolExecutor.java:624)
	at java.lang.Thread.run(Thread.java:748)

09-21 16:49:13-us.codecraft.webmagic.Spider.run()
[INFO]Spider www.yungengxin.net.cn closed! 1 pages downloaded.

09-21 16:49:26-us.codecraft.webmagic.Spider.run()
[INFO]Spider www.yungengxin.net.cn started!

09-21 16:49:27-us.codecraft.webmagic.downloader.HttpClientDownloader.download()
[INFO]downloading page success http://www.yungengxin.net.cn/game/update

09-21 16:49:27-us.codecraft.webmagic.Spider.run()
[INFO]Spider www.yungengxin.net.cn closed! 1 pages downloaded.

09-21 16:49:32-us.codecraft.webmagic.Spider.run()
[INFO]Spider www.yungengxin.net.cn started!

09-21 16:49:32-us.codecraft.webmagic.downloader.HttpClientDownloader.download()
[INFO]downloading page success http://www.yungengxin.net.cn/game/update

09-21 16:49:32-us.codecraft.webmagic.Spider.run()
[INFO]Spider www.yungengxin.net.cn closed! 1 pages downloaded.

09-21 16:49:43-us.codecraft.webmagic.Spider.run()
[INFO]Spider www.yungengxin.net.cn started!

09-21 16:49:43-us.codecraft.webmagic.downloader.HttpClientDownloader.download()
[INFO]downloading page success http://www.yungengxin.net.cn/game/update

09-21 16:49:43-us.codecraft.webmagic.Spider.run()
[INFO]Spider www.yungengxin.net.cn closed! 1 pages downloaded.

09-21 16:49:47-us.codecraft.webmagic.Spider.run()
[INFO]Spider www.yungengxin.net.cn started!

09-21 16:49:48-us.codecraft.webmagic.downloader.HttpClientDownloader.download()
[INFO]downloading page success http://www.yungengxin.net.cn/game/update

09-21 16:49:48-us.codecraft.webmagic.Spider.run()
[INFO]Spider www.yungengxin.net.cn closed! 1 pages downloaded.

09-21 17:04:21-us.codecraft.webmagic.Spider.run()
[INFO]Spider www.yungengxin.net.cn started!

09-21 17:04:21-us.codecraft.webmagic.downloader.HttpClientDownloader.download()
[INFO]downloading page success http://www.yungengxin.net.cn/game/update

09-21 17:04:22-us.codecraft.webmagic.Spider.run()
[INFO]Spider www.yungengxin.net.cn closed! 1 pages downloaded.

09-21 17:04:59-us.codecraft.webmagic.Spider.run()
[INFO]Spider www.yungengxin.net.cn started!

09-21 17:04:59-us.codecraft.webmagic.downloader.HttpClientDownloader.download()
[INFO]downloading page success http://www.yungengxin.net.cn/game/update

09-21 17:04:59-us.codecraft.webmagic.Spider.run()
[INFO]Spider www.yungengxin.net.cn closed! 1 pages downloaded.

09-21 17:05:07-us.codecraft.webmagic.Spider.run()
[INFO]Spider www.yungengxin.net.cn started!

09-21 17:05:07-us.codecraft.webmagic.downloader.HttpClientDownloader.download()
[INFO]downloading page success http://www.yungengxin.net.cn/game/update

09-21 17:05:08-us.codecraft.webmagic.Spider.run()
[INFO]Spider www.yungengxin.net.cn closed! 1 pages downloaded.

09-21 17:05:14-us.codecraft.webmagic.Spider.run()
[INFO]Spider www.yungengxin.net.cn started!

09-21 17:05:14-us.codecraft.webmagic.downloader.HttpClientDownloader.download()
[INFO]downloading page success http://www.yungengxin.net.cn/game/update

09-21 17:05:14-us.codecraft.webmagic.Spider.run()
[INFO]Spider www.yungengxin.net.cn closed! 1 pages downloaded.

09-21 17:05:23-us.codecraft.webmagic.Spider.run()
[INFO]Spider www.yungengxin.net.cn started!

09-21 17:05:24-us.codecraft.webmagic.downloader.HttpClientDownloader.download()
[INFO]downloading page success http://www.yungengxin.net.cn/game/update

09-21 17:05:24-us.codecraft.webmagic.Spider.run()
[INFO]Spider www.yungengxin.net.cn closed! 1 pages downloaded.

09-21 17:05:35-us.codecraft.webmagic.Spider.run()
[INFO]Spider www.yungengxin.net.cn started!

09-21 17:05:35-us.codecraft.webmagic.downloader.HttpClientDownloader.download()
[INFO]downloading page success http://www.yungengxin.net.cn/game/update

09-21 17:05:36-us.codecraft.webmagic.Spider.run()
[INFO]Spider www.yungengxin.net.cn closed! 1 pages downloaded.

09-21 17:05:55-us.codecraft.webmagic.Spider.run()
[INFO]Spider www.yungengxin.net.cn started!

09-21 17:05:55-us.codecraft.webmagic.downloader.HttpClientDownloader.download()
[INFO]downloading page success http://www.yungengxin.net.cn/game/update

09-21 17:05:55-us.codecraft.webmagic.Spider.run()
[INFO]Spider www.yungengxin.net.cn closed! 1 pages downloaded.

09-21 17:06:12-us.codecraft.webmagic.Spider.run()
[INFO]Spider www.yungengxin.net.cn started!

09-21 17:06:13-us.codecraft.webmagic.downloader.HttpClientDownloader.download()
[INFO]downloading page success http://www.yungengxin.net.cn/game/update

09-21 17:06:13-us.codecraft.webmagic.Spider.run()
[INFO]Spider www.yungengxin.net.cn closed! 1 pages downloaded.

09-21 17:06:25-us.codecraft.webmagic.Spider.run()
[INFO]Spider www.yungengxin.net.cn started!

09-21 17:06:25-us.codecraft.webmagic.downloader.HttpClientDownloader.download()
[INFO]downloading page success http://www.yungengxin.net.cn/game/update

09-21 17:06:25-us.codecraft.webmagic.Spider.run()
[INFO]Spider www.yungengxin.net.cn closed! 1 pages downloaded.

09-21 17:06:33-us.codecraft.webmagic.Spider.run()
[INFO]Spider www.yungengxin.net.cn started!

09-21 17:06:33-us.codecraft.webmagic.downloader.HttpClientDownloader.download()
[INFO]downloading page success http://www.yungengxin.net.cn/game/update

09-21 17:06:34-us.codecraft.webmagic.Spider.run()
[INFO]Spider www.yungengxin.net.cn closed! 1 pages downloaded.

09-21 17:06:41-us.codecraft.webmagic.Spider.run()
[INFO]Spider www.yungengxin.net.cn started!

09-21 17:06:41-us.codecraft.webmagic.downloader.HttpClientDownloader.download()
[INFO]downloading page success http://www.yungengxin.net.cn/game/update

09-21 17:06:41-us.codecraft.webmagic.Spider.run()
[INFO]Spider www.yungengxin.net.cn closed! 1 pages downloaded.

09-21 17:07:25-us.codecraft.webmagic.Spider.run()
[INFO]Spider www.yungengxin.net.cn started!

09-21 17:07:26-us.codecraft.webmagic.downloader.HttpClientDownloader.download()
[INFO]downloading page success http://www.yungengxin.net.cn/game/update

09-21 17:07:26-us.codecraft.webmagic.Spider.run()
[INFO]Spider www.yungengxin.net.cn closed! 1 pages downloaded.
